mode: set
space2218/internal/dns/ports/http/routes.go:9.81,16.48 4 0
space2218/internal/dns/ports/http/routes.go:20.2,20.49 1 0
space2218/internal/dns/ports/http/routes.go:31.2,42.40 3 0
space2218/internal/dns/ports/http/routes.go:52.2,52.10 1 0
space2218/internal/dns/ports/http/routes.go:16.48,19.3 2 0
space2218/internal/dns/ports/http/routes.go:20.49,23.3 2 0
space2218/internal/dns/ports/http/routes.go:42.40,50.3 1 0
space2218/internal/dns/services/navigation.go:13.55,17.2 1 0
space2218/internal/dns/services/navigation.go:21.25,23.34 1 0
space2218/internal/dns/services/navigation.go:27.2,27.28 1 0
space2218/internal/dns/services/navigation.go:30.2,30.25 1 0
space2218/internal/dns/services/navigation.go:34.2,37.47 3 0
space2218/internal/dns/services/navigation.go:23.34,25.3 1 0
space2218/internal/dns/services/navigation.go:27.28,29.3 1 0
space2218/internal/dns/services/navigation.go:30.25,32.3 1 0
space2218/cmd/dns/main.go:20.13,23.16 2 0
space2218/cmd/dns/main.go:26.2,45.12 9 0
space2218/cmd/dns/main.go:57.2,65.45 4 0
space2218/cmd/dns/main.go:69.2,69.25 1 0
space2218/cmd/dns/main.go:23.16,25.3 1 0
space2218/cmd/dns/main.go:45.12,47.10 2 0
space2218/cmd/dns/main.go:48.19,48.19 0 0
space2218/cmd/dns/main.go:50.45,51.32 1 0
space2218/cmd/dns/main.go:52.11,53.57 1 0
space2218/cmd/dns/main.go:65.45,67.3 1 0
space2218/internal/dns/velocity.go:10.37,12.2 1 0
space2218/internal/dns/velocity.go:14.53,18.2 3 0
space2218/internal/dns/velocity.go:20.34,22.2 1 0
space2218/internal/dns/ports/http/calculate_location.go:52.111,55.16 2 0
space2218/internal/dns/ports/http/calculate_location.go:59.2,60.16 2 0
space2218/internal/dns/ports/http/calculate_location.go:64.2,65.16 2 0
space2218/internal/dns/ports/http/calculate_location.go:69.2,70.16 2 0
space2218/internal/dns/ports/http/calculate_location.go:74.2,74.35 1 0
space2218/internal/dns/ports/http/calculate_location.go:55.16,57.3 1 0
space2218/internal/dns/ports/http/calculate_location.go:60.16,62.3 1 0
space2218/internal/dns/ports/http/calculate_location.go:65.16,67.3 1 0
space2218/internal/dns/ports/http/calculate_location.go:70.16,72.3 1 0
space2218/internal/dns/ports/http/calculate_location.go:93.77,98.2 2 0
space2218/internal/dns/ports/http/calculate_location.go:101.48,104.54 2 0
space2218/internal/dns/ports/http/calculate_location.go:104.54,110.20 4 0
space2218/internal/dns/ports/http/calculate_location.go:116.3,117.17 2 0
space2218/internal/dns/ports/http/calculate_location.go:123.3,124.17 2 0
space2218/internal/dns/ports/http/calculate_location.go:130.3,131.10 2 0
space2218/internal/dns/ports/http/calculate_location.go:149.3,153.17 4 0
space2218/internal/dns/ports/http/calculate_location.go:159.3,159.102 1 0
space2218/internal/dns/ports/http/calculate_location.go:110.20,114.4 3 0
space2218/internal/dns/ports/http/calculate_location.go:117.17,121.4 3 0
space2218/internal/dns/ports/http/calculate_location.go:124.17,128.4 3 0
space2218/internal/dns/ports/http/calculate_location.go:132.19,132.19 0 0
space2218/internal/dns/ports/http/calculate_location.go:134.41,136.10 2 0
space2218/internal/dns/ports/http/calculate_location.go:137.49,139.10 2 0
space2218/internal/dns/ports/http/calculate_location.go:140.44,142.53 2 0
space2218/internal/dns/ports/http/calculate_location.go:143.11,146.10 3 0
space2218/internal/dns/ports/http/calculate_location.go:153.17,157.4 3 0
space2218/cmd/dns/config.go:14.26,26.2 2 0
space2218/cmd/dns/config.go:28.62,29.40 1 0
space2218/cmd/dns/config.go:32.2,32.21 1 0
space2218/cmd/dns/config.go:29.40,31.3 1 0
space2218/cmd/dns/config.go:35.68,41.40 2 0
space2218/cmd/dns/config.go:46.2,46.21 1 0
space2218/cmd/dns/config.go:41.40,42.68 1 0
space2218/cmd/dns/config.go:42.68,44.4 1 0
space2218/internal/dns/cooridnate.go:10.39,12.2 1 0
space2218/internal/dns/cooridnate.go:14.57,18.2 3 0
space2218/internal/dns/cooridnate.go:20.36,22.2 1 0
space2218/internal/dns/cooridnate.go:30.39,32.2 1 0
space2218/internal/dns/location.go:5.46,7.2 1 0
space2218/internal/dns/location.go:9.37,11.2 1 0
space2218/internal/dns/sector.go:5.37,7.2 1 0
space2218/internal/dns/sector.go:5.37,7.2 1 0
space2218/internal/dns/velocity.go:10.37,12.2 1 0
space2218/internal/dns/velocity.go:14.53,18.2 3 1
space2218/internal/dns/velocity.go:20.34,22.2 1 0
space2218/cmd/dns/main.go:20.13,23.16 2 0
space2218/cmd/dns/main.go:26.2,45.12 9 0
space2218/cmd/dns/main.go:57.2,65.45 4 0
space2218/cmd/dns/main.go:69.2,69.25 1 0
space2218/cmd/dns/main.go:23.16,25.3 1 0
space2218/cmd/dns/main.go:45.12,47.10 2 0
space2218/cmd/dns/main.go:48.19,48.19 0 0
space2218/cmd/dns/main.go:50.45,51.32 1 0
space2218/cmd/dns/main.go:52.11,53.57 1 0
space2218/cmd/dns/main.go:65.45,67.3 1 0
space2218/internal/dns/ports/http/routes.go:9.81,16.48 4 0
space2218/internal/dns/ports/http/routes.go:20.2,20.49 1 0
space2218/internal/dns/ports/http/routes.go:31.2,42.40 3 0
space2218/internal/dns/ports/http/routes.go:52.2,52.10 1 0
space2218/internal/dns/ports/http/routes.go:16.48,19.3 2 0
space2218/internal/dns/ports/http/routes.go:20.49,23.3 2 0
space2218/internal/dns/ports/http/routes.go:42.40,50.3 1 0
space2218/internal/dns/cooridnate.go:10.39,12.2 1 0
space2218/internal/dns/cooridnate.go:14.57,18.2 3 1
space2218/internal/dns/cooridnate.go:20.36,22.2 1 0
space2218/internal/dns/cooridnate.go:30.39,32.2 1 0
space2218/internal/dns/location.go:5.46,7.2 1 0
space2218/internal/dns/location.go:9.37,11.2 1 1
space2218/internal/dns/services/navigation.go:13.55,17.2 1 0
space2218/internal/dns/services/navigation.go:21.25,23.34 1 0
space2218/internal/dns/services/navigation.go:27.2,27.28 1 0
space2218/internal/dns/services/navigation.go:30.2,30.25 1 0
space2218/internal/dns/services/navigation.go:34.2,37.47 3 0
space2218/internal/dns/services/navigation.go:23.34,25.3 1 0
space2218/internal/dns/services/navigation.go:27.28,29.3 1 0
space2218/internal/dns/services/navigation.go:30.25,32.3 1 0
space2218/cmd/dns/config.go:14.26,26.2 2 0
space2218/cmd/dns/config.go:28.62,29.40 1 0
space2218/cmd/dns/config.go:32.2,32.21 1 0
space2218/cmd/dns/config.go:29.40,31.3 1 0
space2218/cmd/dns/config.go:35.68,41.40 2 0
space2218/cmd/dns/config.go:46.2,46.21 1 0
space2218/cmd/dns/config.go:41.40,42.68 1 0
space2218/cmd/dns/config.go:42.68,44.4 1 0
space2218/internal/dns/ports/http/calculate_location.go:52.111,55.16 2 1
space2218/internal/dns/ports/http/calculate_location.go:59.2,60.16 2 1
space2218/internal/dns/ports/http/calculate_location.go:64.2,65.16 2 1
space2218/internal/dns/ports/http/calculate_location.go:69.2,70.16 2 1
space2218/internal/dns/ports/http/calculate_location.go:74.2,74.35 1 1
space2218/internal/dns/ports/http/calculate_location.go:55.16,57.3 1 1
space2218/internal/dns/ports/http/calculate_location.go:60.16,62.3 1 1
space2218/internal/dns/ports/http/calculate_location.go:65.16,67.3 1 1
space2218/internal/dns/ports/http/calculate_location.go:70.16,72.3 1 1
space2218/internal/dns/ports/http/calculate_location.go:93.77,98.2 2 1
space2218/internal/dns/ports/http/calculate_location.go:101.48,104.54 2 1
space2218/internal/dns/ports/http/calculate_location.go:104.54,110.20 4 1
space2218/internal/dns/ports/http/calculate_location.go:116.3,117.17 2 1
space2218/internal/dns/ports/http/calculate_location.go:123.3,124.17 2 1
space2218/internal/dns/ports/http/calculate_location.go:130.3,131.10 2 1
space2218/internal/dns/ports/http/calculate_location.go:149.3,153.17 4 1
space2218/internal/dns/ports/http/calculate_location.go:159.3,159.102 1 1
space2218/internal/dns/ports/http/calculate_location.go:110.20,114.4 3 1
space2218/internal/dns/ports/http/calculate_location.go:117.17,121.4 3 1
space2218/internal/dns/ports/http/calculate_location.go:124.17,128.4 3 1
space2218/internal/dns/ports/http/calculate_location.go:132.19,132.19 0 1
space2218/internal/dns/ports/http/calculate_location.go:134.41,136.10 2 0
space2218/internal/dns/ports/http/calculate_location.go:137.49,139.10 2 0
space2218/internal/dns/ports/http/calculate_location.go:140.44,142.53 2 1
space2218/internal/dns/ports/http/calculate_location.go:143.11,146.10 3 1
space2218/internal/dns/ports/http/calculate_location.go:153.17,157.4 3 0
space2218/internal/dns/location.go:5.46,7.2 1 0
space2218/internal/dns/location.go:9.37,11.2 1 0
space2218/internal/dns/velocity.go:10.37,12.2 1 0
space2218/internal/dns/velocity.go:14.53,18.2 3 0
space2218/internal/dns/velocity.go:20.34,22.2 1 0
space2218/internal/dns/sector.go:5.37,7.2 1 0
space2218/internal/dns/ports/http/calculate_location.go:52.111,55.16 2 0
space2218/internal/dns/ports/http/calculate_location.go:59.2,60.16 2 0
space2218/internal/dns/ports/http/calculate_location.go:64.2,65.16 2 0
space2218/internal/dns/ports/http/calculate_location.go:69.2,70.16 2 0
space2218/internal/dns/ports/http/calculate_location.go:74.2,74.35 1 0
space2218/internal/dns/ports/http/calculate_location.go:55.16,57.3 1 0
space2218/internal/dns/ports/http/calculate_location.go:60.16,62.3 1 0
space2218/internal/dns/ports/http/calculate_location.go:65.16,67.3 1 0
space2218/internal/dns/ports/http/calculate_location.go:70.16,72.3 1 0
space2218/internal/dns/ports/http/calculate_location.go:93.77,98.2 2 0
space2218/internal/dns/ports/http/calculate_location.go:101.48,104.54 2 0
space2218/internal/dns/ports/http/calculate_location.go:104.54,110.20 4 0
space2218/internal/dns/ports/http/calculate_location.go:116.3,117.17 2 0
space2218/internal/dns/ports/http/calculate_location.go:123.3,124.17 2 0
space2218/internal/dns/ports/http/calculate_location.go:130.3,131.10 2 0
space2218/internal/dns/ports/http/calculate_location.go:149.3,153.17 4 0
space2218/internal/dns/ports/http/calculate_location.go:159.3,159.102 1 0
space2218/internal/dns/ports/http/calculate_location.go:110.20,114.4 3 0
space2218/internal/dns/ports/http/calculate_location.go:117.17,121.4 3 0
space2218/internal/dns/ports/http/calculate_location.go:124.17,128.4 3 0
space2218/internal/dns/ports/http/calculate_location.go:132.19,132.19 0 0
space2218/internal/dns/ports/http/calculate_location.go:134.41,136.10 2 0
space2218/internal/dns/ports/http/calculate_location.go:137.49,139.10 2 0
space2218/internal/dns/ports/http/calculate_location.go:140.44,142.53 2 0
space2218/internal/dns/ports/http/calculate_location.go:143.11,146.10 3 0
space2218/internal/dns/ports/http/calculate_location.go:153.17,157.4 3 0
space2218/internal/dns/ports/http/routes.go:9.81,16.48 4 0
space2218/internal/dns/ports/http/routes.go:20.2,20.49 1 0
space2218/internal/dns/ports/http/routes.go:31.2,42.40 3 0
space2218/internal/dns/ports/http/routes.go:52.2,52.10 1 0
space2218/internal/dns/ports/http/routes.go:16.48,19.3 2 0
space2218/internal/dns/ports/http/routes.go:20.49,23.3 2 0
space2218/internal/dns/ports/http/routes.go:42.40,50.3 1 0
space2218/internal/dns/services/navigation.go:13.55,17.2 1 0
space2218/internal/dns/services/navigation.go:21.25,23.34 1 0
space2218/internal/dns/services/navigation.go:27.2,27.28 1 0
space2218/internal/dns/services/navigation.go:30.2,30.25 1 0
space2218/internal/dns/services/navigation.go:34.2,37.47 3 0
space2218/internal/dns/services/navigation.go:23.34,25.3 1 0
space2218/internal/dns/services/navigation.go:27.28,29.3 1 0
space2218/internal/dns/services/navigation.go:30.25,32.3 1 0
space2218/cmd/dns/config.go:14.26,26.2 2 0
space2218/cmd/dns/config.go:28.62,29.40 1 0
space2218/cmd/dns/config.go:32.2,32.21 1 0
space2218/cmd/dns/config.go:29.40,31.3 1 0
space2218/cmd/dns/config.go:35.68,41.40 2 0
space2218/cmd/dns/config.go:46.2,46.21 1 0
space2218/cmd/dns/config.go:41.40,42.68 1 0
space2218/cmd/dns/config.go:42.68,44.4 1 0
space2218/cmd/dns/main.go:20.13,23.16 2 0
space2218/cmd/dns/main.go:26.2,45.12 9 0
space2218/cmd/dns/main.go:57.2,65.45 4 0
space2218/cmd/dns/main.go:69.2,69.25 1 0
space2218/cmd/dns/main.go:23.16,25.3 1 0
space2218/cmd/dns/main.go:45.12,47.10 2 0
space2218/cmd/dns/main.go:48.19,48.19 0 0
space2218/cmd/dns/main.go:50.45,51.32 1 0
space2218/cmd/dns/main.go:52.11,53.57 1 0
space2218/cmd/dns/main.go:65.45,67.3 1 0
space2218/internal/dns/cooridnate.go:10.39,12.2 1 0
space2218/internal/dns/cooridnate.go:14.57,18.2 3 0
space2218/internal/dns/cooridnate.go:20.36,22.2 1 0
space2218/internal/dns/cooridnate.go:30.39,32.2 1 0
space2218/cmd/dns/main.go:20.13,23.16 2 0
space2218/cmd/dns/main.go:26.2,45.12 9 0
space2218/cmd/dns/main.go:57.2,65.45 4 0
space2218/cmd/dns/main.go:69.2,69.25 1 0
space2218/cmd/dns/main.go:23.16,25.3 1 0
space2218/cmd/dns/main.go:45.12,47.10 2 0
space2218/cmd/dns/main.go:48.19,48.19 0 0
space2218/cmd/dns/main.go:50.45,51.32 1 0
space2218/cmd/dns/main.go:52.11,53.57 1 0
space2218/cmd/dns/main.go:65.45,67.3 1 0
space2218/internal/dns/services/navigation.go:13.55,17.2 1 1
space2218/internal/dns/services/navigation.go:21.25,23.34 1 1
space2218/internal/dns/services/navigation.go:27.2,27.28 1 1
space2218/internal/dns/services/navigation.go:30.2,30.25 1 1
space2218/internal/dns/services/navigation.go:34.2,37.47 3 1
space2218/internal/dns/services/navigation.go:23.34,25.3 1 1
space2218/internal/dns/services/navigation.go:27.28,29.3 1 0
space2218/internal/dns/services/navigation.go:30.25,32.3 1 0
space2218/internal/dns/location.go:5.46,7.2 1 1
space2218/internal/dns/location.go:9.37,11.2 1 1
space2218/internal/dns/velocity.go:10.37,12.2 1 1
space2218/internal/dns/velocity.go:14.53,18.2 3 0
space2218/internal/dns/velocity.go:20.34,22.2 1 1
space2218/internal/dns/ports/http/routes.go:9.81,16.48 4 0
space2218/internal/dns/ports/http/routes.go:20.2,20.49 1 0
space2218/internal/dns/ports/http/routes.go:31.2,42.40 3 0
space2218/internal/dns/ports/http/routes.go:52.2,52.10 1 0
space2218/internal/dns/ports/http/routes.go:16.48,19.3 2 0
space2218/internal/dns/ports/http/routes.go:20.49,23.3 2 0
space2218/internal/dns/ports/http/routes.go:42.40,50.3 1 0
space2218/cmd/dns/config.go:14.26,26.2 2 0
space2218/cmd/dns/config.go:28.62,29.40 1 0
space2218/cmd/dns/config.go:32.2,32.21 1 0
space2218/cmd/dns/config.go:29.40,31.3 1 0
space2218/cmd/dns/config.go:35.68,41.40 2 0
space2218/cmd/dns/config.go:46.2,46.21 1 0
space2218/cmd/dns/config.go:41.40,42.68 1 0
space2218/cmd/dns/config.go:42.68,44.4 1 0
space2218/internal/dns/cooridnate.go:10.39,12.2 1 1
space2218/internal/dns/cooridnate.go:14.57,18.2 3 0
space2218/internal/dns/cooridnate.go:20.36,22.2 1 1
space2218/internal/dns/cooridnate.go:30.39,32.2 1 1
space2218/internal/dns/sector.go:5.37,7.2 1 1
space2218/internal/dns/ports/http/calculate_location.go:52.111,55.16 2 0
space2218/internal/dns/ports/http/calculate_location.go:59.2,60.16 2 0
space2218/internal/dns/ports/http/calculate_location.go:64.2,65.16 2 0
space2218/internal/dns/ports/http/calculate_location.go:69.2,70.16 2 0
space2218/internal/dns/ports/http/calculate_location.go:74.2,74.35 1 0
space2218/internal/dns/ports/http/calculate_location.go:55.16,57.3 1 0
space2218/internal/dns/ports/http/calculate_location.go:60.16,62.3 1 0
space2218/internal/dns/ports/http/calculate_location.go:65.16,67.3 1 0
space2218/internal/dns/ports/http/calculate_location.go:70.16,72.3 1 0
space2218/internal/dns/ports/http/calculate_location.go:93.77,98.2 2 0
space2218/internal/dns/ports/http/calculate_location.go:101.48,104.54 2 0
space2218/internal/dns/ports/http/calculate_location.go:104.54,110.20 4 0
space2218/internal/dns/ports/http/calculate_location.go:116.3,117.17 2 0
space2218/internal/dns/ports/http/calculate_location.go:123.3,124.17 2 0
space2218/internal/dns/ports/http/calculate_location.go:130.3,131.10 2 0
space2218/internal/dns/ports/http/calculate_location.go:149.3,153.17 4 0
space2218/internal/dns/ports/http/calculate_location.go:159.3,159.102 1 0
space2218/internal/dns/ports/http/calculate_location.go:110.20,114.4 3 0
space2218/internal/dns/ports/http/calculate_location.go:117.17,121.4 3 0
space2218/internal/dns/ports/http/calculate_location.go:124.17,128.4 3 0
space2218/internal/dns/ports/http/calculate_location.go:132.19,132.19 0 0
space2218/internal/dns/ports/http/calculate_location.go:134.41,136.10 2 0
space2218/internal/dns/ports/http/calculate_location.go:137.49,139.10 2 0
space2218/internal/dns/ports/http/calculate_location.go:140.44,142.53 2 0
space2218/internal/dns/ports/http/calculate_location.go:143.11,146.10 3 0
space2218/internal/dns/ports/http/calculate_location.go:153.17,157.4 3 0
